e:\01_robotsea\01_pro\08_robofish\robofish\x64\release\qrc_res.obj
e:\01_robotsea\01_pro\08_robofish\robofish\x64\release\videosdk_widget.obj
e:\01_robotsea\01_pro\08_robofish\robofish\x64\release\qfi_pfd.obj
e:\01_robotsea\01_pro\08_robofish\robofish\x64\release\mainwindow.obj
e:\01_robotsea\01_pro\08_robofish\robofish\x64\release\main.obj
e:\01_robotsea\01_pro\08_robofish\robofish\x64\release\widgetpfd.obj
e:\01_robotsea\01_pro\08_robofish\robofish\x64\release\udpmaster.obj
e:\01_robotsea\01_pro\08_robofish\robofish\x64\release\moc_widgetpfd.obj
e:\01_robotsea\01_pro\08_robofish\robofish\x64\release\moc_videosdk_widget.obj
e:\01_robotsea\01_pro\08_robofish\robofish\x64\release\moc_udpmaster.obj
e:\01_robotsea\01_pro\08_robofish\robofish\x64\release\moc_qjoystick.obj
e:\01_robotsea\01_pro\08_robofish\robofish\x64\release\moc_qfi_pfd.obj
e:\01_robotsea\01_pro\08_robofish\robofish\x64\release\moc_mapwidget.obj
e:\01_robotsea\01_pro\08_robofish\robofish\x64\release\moc_mainwindow.obj
e:\01_robotsea\01_pro\08_robofish\robofish\x64\release\moc_layoutsquare.obj
e:\01_robotsea\01_pro\08_robofish\robofish\x64\release\moc_dialog.obj
e:\01_robotsea\01_pro\08_robofish\robofish\x64\release\qjoystick.obj
e:\01_robotsea\01_pro\08_robofish\robofish\x64\release\mapwidget.obj
e:\01_robotsea\01_pro\08_robofish\robofish\x64\release\layoutsquare.obj
e:\01_robotsea\01_pro\08_robofish\robofish\x64\release\dialog.obj
e:\01_robotsea\01_pro\08_robofish\robofish\release\moc_mapwidget.cpp
e:\01_robotsea\01_pro\08_robofish\robofish\release\moc_qjoystick.cpp
e:\01_robotsea\01_pro\08_robofish\robofish\release\moc_udpmaster.cpp
e:\01_robotsea\01_pro\08_robofish\robofish\release\moc_layoutsquare.cpp
e:\01_robotsea\01_pro\08_robofish\robofish\release\moc_widgetpfd.cpp
e:\01_robotsea\01_pro\08_robofish\robofish\release\moc_dialog.cpp
e:\01_robotsea\01_pro\08_robofish\robofish\release\moc_mainwindow.cpp
e:\01_robotsea\01_pro\08_robofish\robofish\release\moc_qfi_pfd.cpp
e:\01_robotsea\01_pro\08_robofish\robofish\release\moc_videosdk_widget.cpp
e:\01_robotsea\01_pro\08_robofish\robofish\generatedfiles\ui_widgetpfd.h
e:\01_robotsea\01_pro\08_robofish\robofish\generatedfiles\ui_dialog.h
e:\01_robotsea\01_pro\08_robofish\robofish\generatedfiles\ui_mainwindow.h
e:\01_robotsea\01_pro\08_robofish\robofish\generatedfiles\qrc_res.cpp
e:\01_robotsea\01_pro\08_robofish\robofish\generatedfiles\ui_mapwidget.h
e:\01_robotsea\01_pro\08_robofish\robofish\release\moc_predefs.h
e:\01_robotsea\01_pro\08_robofish\robofish\release\robofish.exe
e:\01_robotsea\01_pro\08_robofish\robofish\x64\release\robofish.tlog\cl.command.1.tlog
e:\01_robotsea\01_pro\08_robofish\robofish\x64\release\robofish.tlog\cl.read.1.tlog
e:\01_robotsea\01_pro\08_robofish\robofish\x64\release\robofish.tlog\cl.write.1.tlog
e:\01_robotsea\01_pro\08_robofish\robofish\x64\release\robofish.tlog\custombuild.command.1.tlog
e:\01_robotsea\01_pro\08_robofish\robofish\x64\release\robofish.tlog\custombuild.read.1.tlog
e:\01_robotsea\01_pro\08_robofish\robofish\x64\release\robofish.tlog\custombuild.write.1.tlog
e:\01_robotsea\01_pro\08_robofish\robofish\x64\release\robofish.tlog\link.command.1.tlog
e:\01_robotsea\01_pro\08_robofish\robofish\x64\release\robofish.tlog\link.read.1.tlog
e:\01_robotsea\01_pro\08_robofish\robofish\x64\release\robofish.tlog\link.write.1.tlog
