e:\01_robotsea\01_pro\08_robofish\robofish\x64\debug\vc140.pdb
e:\01_robotsea\01_pro\08_robofish\robofish\x64\debug\videosdk_widget.obj
e:\01_robotsea\01_pro\08_robofish\robofish\x64\debug\qfi_pfd.obj
e:\01_robotsea\01_pro\08_robofish\robofish\x64\debug\mainwindow.obj
e:\01_robotsea\01_pro\08_robofish\robofish\x64\debug\main.obj
e:\01_robotsea\01_pro\08_robofish\robofish\x64\debug\dialog.obj
e:\01_robotsea\01_pro\08_robofish\robofish\x64\debug\widgetpfd.obj
e:\01_robotsea\01_pro\08_robofish\robofish\x64\debug\udpmaster.obj
e:\01_robotsea\01_pro\08_robofish\robofish\x64\debug\qjoystick.obj
e:\01_robotsea\01_pro\08_robofish\robofish\x64\debug\mapwidget.obj
e:\01_robotsea\01_pro\08_robofish\robofish\x64\debug\layoutsquare.obj
e:\01_robotsea\01_pro\08_robofish\robofish\x64\debug\moc_widgetpfd.obj
e:\01_robotsea\01_pro\08_robofish\robofish\x64\debug\moc_videosdk_widget.obj
e:\01_robotsea\01_pro\08_robofish\robofish\x64\debug\moc_udpmaster.obj
e:\01_robotsea\01_pro\08_robofish\robofish\x64\debug\moc_qjoystick.obj
e:\01_robotsea\01_pro\08_robofish\robofish\x64\debug\moc_qfi_pfd.obj
e:\01_robotsea\01_pro\08_robofish\robofish\x64\debug\moc_mapwidget.obj
e:\01_robotsea\01_pro\08_robofish\robofish\x64\debug\moc_mainwindow.obj
e:\01_robotsea\01_pro\08_robofish\robofish\x64\debug\moc_layoutsquare.obj
e:\01_robotsea\01_pro\08_robofish\robofish\x64\debug\moc_dialog.obj
e:\01_robotsea\01_pro\08_robofish\robofish\x64\debug\qrc_res.obj
e:\01_robotsea\01_pro\08_robofish\robofish\debug\moc_mapwidget.cpp
e:\01_robotsea\01_pro\08_robofish\robofish\debug\moc_qjoystick.cpp
e:\01_robotsea\01_pro\08_robofish\robofish\debug\moc_layoutsquare.cpp
e:\01_robotsea\01_pro\08_robofish\robofish\debug\moc_widgetpfd.cpp
e:\01_robotsea\01_pro\08_robofish\robofish\debug\moc_qfi_pfd.cpp
e:\01_robotsea\01_pro\08_robofish\robofish\debug\moc_videosdk_widget.cpp
e:\01_robotsea\01_pro\08_robofish\robofish\generatedfiles\ui_widgetpfd.h
e:\01_robotsea\01_pro\08_robofish\robofish\generatedfiles\ui_dialog.h
e:\01_robotsea\01_pro\08_robofish\robofish\generatedfiles\ui_mainwindow.h
e:\01_robotsea\01_pro\08_robofish\robofish\generatedfiles\qrc_res.cpp
e:\01_robotsea\01_pro\08_robofish\robofish\generatedfiles\ui_mapwidget.h
e:\01_robotsea\01_pro\08_robofish\robofish\debug\moc_mainwindow.cpp
e:\01_robotsea\01_pro\08_robofish\robofish\debug\moc_udpmaster.cpp
e:\01_robotsea\01_pro\08_robofish\robofish\debug\moc_dialog.cpp
e:\01_robotsea\01_pro\08_robofish\robofish\debug\moc_predefs.h
e:\01_robotsea\01_pro\08_robofish\robofish\debug\robofish.ilk
e:\01_robotsea\01_pro\08_robofish\robofish\debug\robofish.exe
e:\01_robotsea\01_pro\08_robofish\robofish\debug\robofish.pdb
e:\01_robotsea\01_pro\08_robofish\robofish\x64\debug\robofish.tlog\cl.command.1.tlog
e:\01_robotsea\01_pro\08_robofish\robofish\x64\debug\robofish.tlog\cl.read.1.tlog
e:\01_robotsea\01_pro\08_robofish\robofish\x64\debug\robofish.tlog\cl.write.1.tlog
e:\01_robotsea\01_pro\08_robofish\robofish\x64\debug\robofish.tlog\custombuild.command.1.tlog
e:\01_robotsea\01_pro\08_robofish\robofish\x64\debug\robofish.tlog\custombuild.read.1.tlog
e:\01_robotsea\01_pro\08_robofish\robofish\x64\debug\robofish.tlog\custombuild.write.1.tlog
e:\01_robotsea\01_pro\08_robofish\robofish\x64\debug\robofish.tlog\link.command.1.tlog
e:\01_robotsea\01_pro\08_robofish\robofish\x64\debug\robofish.tlog\link.read.1.tlog
e:\01_robotsea\01_pro\08_robofish\robofish\x64\debug\robofish.tlog\link.write.1.tlog
